L 10/02/2023 - 10:28:53: SourceMod log file session started (file "C:\db-server\server\tf\addons\sourcemod\logs\L20231002.log") (Version "1.11.0.6932")
L 10/02/2023 - 10:28:53: [TF2Dodgeball.smx] Executing configuration file addons\sourcemod\configs\dodgeball\general.cfg
L 10/02/2023 - 10:28:53: [TF2Dodgeball.smx] Executing configuration file addons\sourcemod\configs\dodgeball\tfdb_spacetube_a2_fix.cfg
L 10/02/2023 - 10:28:53: [basecommands.smx] "Console<0><Console><Console>" changed cvar (cvar "tf_flamethrower_burstammo") (value "0")
L 10/02/2023 - 10:28:53: [basecommands.smx] "Console<0><Console><Console>" changed cvar (cvar "tf_arena_use_queue") (value "0")
L 10/02/2023 - 12:48:23: SourceMod log file session started (file "C:\db-server\server\tf\addons\sourcemod\logs\L20231002.log") (Version "1.11.0.6932")
L 10/02/2023 - 12:48:23: [TF2Dodgeball.smx] Executing configuration file addons\sourcemod\configs\dodgeball\general.cfg
L 10/02/2023 - 12:48:23: [TF2Dodgeball.smx] Executing configuration file addons\sourcemod\configs\dodgeball\tfdb_spacetube_a2_fix.cfg
L 10/02/2023 - 12:48:23: [basecommands.smx] "Console<0><Console><Console>" changed cvar (cvar "tf_flamethrower_burstammo") (value "0")
L 10/02/2023 - 12:48:23: [basecommands.smx] "Console<0><Console><Console>" changed cvar (cvar "tf_arena_use_queue") (value "0")
L 10/02/2023 - 16:00:05: SourceMod log file session started (file "C:\db-server\server\tf\addons\sourcemod\logs\L20231002.log") (Version "1.11.0.6932")
L 10/02/2023 - 16:00:05: [TF2Dodgeball.smx] Executing configuration file addons\sourcemod\configs\dodgeball\general.cfg
L 10/02/2023 - 16:00:05: [TF2Dodgeball.smx] Executing configuration file addons\sourcemod\configs\dodgeball\tfdb_spacetube_a2_fix.cfg
L 10/02/2023 - 16:00:05: [basecommands.smx] "Console<0><Console><Console>" changed cvar (cvar "tf_flamethrower_burstammo") (value "0")
L 10/02/2023 - 16:00:05: [basecommands.smx] "Console<0><Console><Console>" changed cvar (cvar "tf_arena_use_queue") (value "0")
L 10/02/2023 - 16:57:02: SourceMod log file session started (file "C:\db-server\server\tf\addons\sourcemod\logs\L20231002.log") (Version "1.11.0.6932")
L 10/02/2023 - 16:57:02: [UPDATER] Successfully updated gamedata file "sdktools.games/game.nmrih.txt"
L 10/02/2023 - 16:57:02: [UPDATER] Successfully updated gamedata file "sdktools.games/game.neotokyo.txt"
L 10/02/2023 - 16:57:02: [UPDATER] SourceMod has been updated, please reload it or restart your server.
L 10/02/2023 - 16:57:02: [TF2Dodgeball.smx] Executing configuration file addons\sourcemod\configs\dodgeball\general.cfg
L 10/02/2023 - 16:57:02: [TF2Dodgeball.smx] Executing configuration file addons\sourcemod\configs\dodgeball\tfdb_spacetube_a2_fix.cfg
L 10/02/2023 - 16:57:02: [basecommands.smx] "Console<0><Console><Console>" changed cvar (cvar "tf_flamethrower_burstammo") (value "0")
L 10/02/2023 - 16:57:02: [basecommands.smx] "Console<0><Console><Console>" changed cvar (cvar "tf_arena_use_queue") (value "0")
