L 10/16/2023 - 09:13:03: SourceMod log file session started (file "C:\db-server\server\tf\addons\sourcemod\logs\L20231016.log") (Version "1.11.0.6932")
L 10/16/2023 - 09:13:03: [UPDATER] Successfully updated gamedata file "sdktools.games/game.openfortress.txt"
L 10/16/2023 - 09:13:03: [UPDATER] Successfully updated gamedata file "sdktools.games/master.games.txt"
L 10/16/2023 - 09:13:03: [UPDATER] Successfully updated gamedata file "sdkhooks.games/game.openfortress.txt"
L 10/16/2023 - 09:13:03: [UPDATER] Successfully updated gamedata file "sdkhooks.games/master.games.txt"
L 10/16/2023 - 09:13:03: [UPDATER] Successfully updated gamedata file "core.games/common.games.txt"
L 10/16/2023 - 09:13:03: [UPDATER] SourceMod has been updated, please reload it or restart your server.
L 10/16/2023 - 09:13:03: [TF2Dodgeball.smx] Executing configuration file addons\sourcemod\configs\dodgeball\general.cfg
L 10/16/2023 - 09:13:03: [TF2Dodgeball.smx] Executing configuration file addons\sourcemod\configs\dodgeball\tfdb_spacetube_a2_fix.cfg
L 10/16/2023 - 09:13:03: [basecommands.smx] "Console<0><Console><Console>" changed cvar (cvar "tf_flamethrower_burstammo") (value "0")
L 10/16/2023 - 09:13:03: [basecommands.smx] "Console<0><Console><Console>" changed cvar (cvar "tf_arena_use_queue") (value "0")
L 10/16/2023 - 13:04:14: SourceMod log file session started (file "C:\db-server\server\tf\addons\sourcemod\logs\L20231016.log") (Version "1.11.0.6932")
L 10/16/2023 - 13:04:14: [TF2Dodgeball.smx] Executing configuration file addons\sourcemod\configs\dodgeball\general.cfg
L 10/16/2023 - 13:04:14: [TF2Dodgeball.smx] Executing configuration file addons\sourcemod\configs\dodgeball\tfdb_spacetube_a2_fix.cfg
L 10/16/2023 - 13:04:14: [basecommands.smx] "Console<0><Console><Console>" changed cvar (cvar "tf_flamethrower_burstammo") (value "0")
L 10/16/2023 - 13:04:14: [basecommands.smx] "Console<0><Console><Console>" changed cvar (cvar "tf_arena_use_queue") (value "0")
L 10/16/2023 - 21:03:32: SourceMod log file session started (file "C:\db-server\server\tf\addons\sourcemod\logs\L20231016.log") (Version "1.11.0.6932")
L 10/16/2023 - 21:03:32: [TF2Dodgeball.smx] Executing configuration file addons\sourcemod\configs\dodgeball\general.cfg
L 10/16/2023 - 21:03:32: [TF2Dodgeball.smx] Executing configuration file addons\sourcemod\configs\dodgeball\tfdb_spacetube_a2_fix.cfg
L 10/16/2023 - 21:03:32: [basecommands.smx] "Console<0><Console><Console>" changed cvar (cvar "tf_flamethrower_burstammo") (value "0")
L 10/16/2023 - 21:03:32: [basecommands.smx] "Console<0><Console><Console>" changed cvar (cvar "tf_arena_use_queue") (value "0")
L 10/16/2023 - 21:13:17: SourceMod log file session started (file "C:\db-server\server\tf\addons\sourcemod\logs\L20231016.log") (Version "1.11.0.6932")
L 10/16/2023 - 21:13:17: [TF2Dodgeball.smx] Executing configuration file addons\sourcemod\configs\dodgeball\general.cfg
L 10/16/2023 - 21:13:17: [TF2Dodgeball.smx] Executing configuration file addons\sourcemod\configs\dodgeball\tfdb_rocketbucks_v2.cfg
L 10/16/2023 - 21:13:17: [basecommands.smx] "Console<0><Console><Console>" changed cvar (cvar "tf_flamethrower_burstammo") (value "0")
L 10/16/2023 - 21:13:17: [basecommands.smx] "Console<0><Console><Console>" changed cvar (cvar "tf_arena_use_queue") (value "0")
