L 04/24/2023 - 08:38:01: SourceMod log file session started (file "C:\db-server\server\tf\addons\sourcemod\logs\L20230424.log") (Version "1.11.0.6932")
L 04/24/2023 - 08:38:01: [TF2Dodgeball.smx] Executing configuration file addons\sourcemod\configs\dodgeball\general.cfg
L 04/24/2023 - 08:38:01: [TF2Dodgeball.smx] Executing configuration file addons\sourcemod\configs\dodgeball\tfdb_rocketbucks_v2.cfg
L 04/24/2023 - 08:38:01: [basecommands.smx] "Console<0><Console><Console>" changed cvar (cvar "tf_flamethrower_burstammo") (value "0")
L 04/24/2023 - 08:38:01: [basecommands.smx] "Console<0><Console><Console>" changed cvar (cvar "tf_arena_use_queue") (value "0")
L 04/24/2023 - 13:32:09: SourceMod log file session started (file "C:\db-server\server\tf\addons\sourcemod\logs\L20230424.log") (Version "1.11.0.6932")
L 04/24/2023 - 13:32:09: [TF2Dodgeball.smx] Executing configuration file addons\sourcemod\configs\dodgeball\general.cfg
L 04/24/2023 - 13:32:09: [TF2Dodgeball.smx] Executing configuration file addons\sourcemod\configs\dodgeball\tfdb_rocketbucks_v2.cfg
L 04/24/2023 - 13:32:09: [basecommands.smx] "Console<0><Console><Console>" changed cvar (cvar "tf_flamethrower_burstammo") (value "0")
L 04/24/2023 - 13:32:09: [basecommands.smx] "Console<0><Console><Console>" changed cvar (cvar "tf_arena_use_queue") (value "0")
L 04/24/2023 - 13:58:31: SourceMod log file session started (file "C:\db-server\server\tf\addons\sourcemod\logs\L20230424.log") (Version "1.11.0.6932")
L 04/24/2023 - 13:58:31: [TF2Dodgeball.smx] Executing configuration file addons\sourcemod\configs\dodgeball\general.cfg
L 04/24/2023 - 13:58:31: [TF2Dodgeball.smx] Executing configuration file addons\sourcemod\configs\dodgeball\tfdb_rocketbucks_v2.cfg
L 04/24/2023 - 13:58:31: [basecommands.smx] "Console<0><Console><Console>" changed cvar (cvar "tf_flamethrower_burstammo") (value "0")
L 04/24/2023 - 13:58:31: [basecommands.smx] "Console<0><Console><Console>" changed cvar (cvar "tf_arena_use_queue") (value "0")
L 04/24/2023 - 16:11:18: SourceMod log file session started (file "C:\db-server\server\tf\addons\sourcemod\logs\L20230424.log") (Version "1.11.0.6932")
L 04/24/2023 - 16:11:18: [TF2Dodgeball.smx] Executing configuration file addons\sourcemod\configs\dodgeball\general.cfg
L 04/24/2023 - 16:11:18: [TF2Dodgeball.smx] Executing configuration file addons\sourcemod\configs\dodgeball\tfdb_rocketbucks_v2.cfg
L 04/24/2023 - 16:11:18: [basecommands.smx] "Console<0><Console><Console>" changed cvar (cvar "tf_flamethrower_burstammo") (value "0")
L 04/24/2023 - 16:11:18: [basecommands.smx] "Console<0><Console><Console>" changed cvar (cvar "tf_arena_use_queue") (value "0")
