L 10/13/2023 - 10:23:31: SourceMod log file session started (file "C:\db-server\server\tf\addons\sourcemod\logs\L20231013.log") (Version "1.11.0.6932")
L 10/13/2023 - 10:23:31: [TF2Dodgeball.smx] Executing configuration file addons\sourcemod\configs\dodgeball\general.cfg
L 10/13/2023 - 10:23:31: [TF2Dodgeball.smx] Executing configuration file addons\sourcemod\configs\dodgeball\tfdb_spacetube_a2_fix.cfg
L 10/13/2023 - 10:23:31: [basecommands.smx] "Console<0><Console><Console>" changed cvar (cvar "tf_flamethrower_burstammo") (value "0")
L 10/13/2023 - 10:23:31: [basecommands.smx] "Console<0><Console><Console>" changed cvar (cvar "tf_arena_use_queue") (value "0")
L 10/13/2023 - 13:43:37: SourceMod log file session started (file "C:\db-server\server\tf\addons\sourcemod\logs\L20231013.log") (Version "1.11.0.6932")
L 10/13/2023 - 13:43:37: [TF2Dodgeball.smx] Executing configuration file addons\sourcemod\configs\dodgeball\general.cfg
L 10/13/2023 - 13:43:37: [TF2Dodgeball.smx] Executing configuration file addons\sourcemod\configs\dodgeball\tfdb_spacetube_a2_fix.cfg
L 10/13/2023 - 13:43:37: [basecommands.smx] "Console<0><Console><Console>" changed cvar (cvar "tf_flamethrower_burstammo") (value "0")
L 10/13/2023 - 13:43:37: [basecommands.smx] "Console<0><Console><Console>" changed cvar (cvar "tf_arena_use_queue") (value "0")
L 10/13/2023 - 17:51:33: SourceMod log file session started (file "C:\db-server\server\tf\addons\sourcemod\logs\L20231013.log") (Version "1.11.0.6932")
L 10/13/2023 - 17:51:33: [TF2Dodgeball.smx] Executing configuration file addons\sourcemod\configs\dodgeball\general.cfg
L 10/13/2023 - 17:51:33: [TF2Dodgeball.smx] Executing configuration file addons\sourcemod\configs\dodgeball\tfdb_spacetube_a2_fix.cfg
L 10/13/2023 - 17:51:33: [basecommands.smx] "Console<0><Console><Console>" changed cvar (cvar "tf_flamethrower_burstammo") (value "0")
L 10/13/2023 - 17:51:33: [basecommands.smx] "Console<0><Console><Console>" changed cvar (cvar "tf_arena_use_queue") (value "0")
L 10/13/2023 - 23:25:02: SourceMod log file session started (file "C:\db-server\server\tf\addons\sourcemod\logs\L20231013.log") (Version "1.11.0.6932")
L 10/13/2023 - 23:25:02: [TF2Dodgeball.smx] Executing configuration file addons\sourcemod\configs\dodgeball\general.cfg
L 10/13/2023 - 23:25:02: [TF2Dodgeball.smx] Executing configuration file addons\sourcemod\configs\dodgeball\tfdb_spacetube_a2_fix.cfg
L 10/13/2023 - 23:25:02: [basecommands.smx] "Console<0><Console><Console>" changed cvar (cvar "tf_flamethrower_burstammo") (value "0")
L 10/13/2023 - 23:25:02: [basecommands.smx] "Console<0><Console><Console>" changed cvar (cvar "tf_arena_use_queue") (value "0")
